# JRE version: OpenJDK Runtime Environment Temurin-21.0.10+7 (21.0.10+7) (build 21.0.10+7-LTS)
# Java VM: OpenJDK 64-Bit Server VM Temurin-21.0.10+7 (21.0.10+7-LTS, mixed mode, sharing, tiered, compressed oops, compressed class ptrs, parallel gc, windows-amd64)
GC Precious Log:
 CardTable entry size: 512
 CPUs: 4 total, 4 available
 Memory: 8088M
 Large Page Support: Disabled
 NUMA Support: Disabled
 Compressed Oops: Enabled (32-bit)
 Alignments: Space 512K, Generation 512K, Heap 2M
 Heap Min Capacity: 100M
 Heap Initial Capacity: 100M
 Heap Max Capacity: 2G
 Pre-touch: Disabled
 Parallel Workers: 4
Heap:
 PSYoungGen      total 3584K, used 1102K [0x00000000d5580000, 0x00000000d5a00000, 0x0000000100000000)
  eden space 2560K, 20% used [0x00000000d5580000,0x00000000d5603be0,0x00000000d5800000)
  from space 1024K, 56% used [0x00000000d5900000,0x00000000d5990000,0x00000000d5a00000)
  to   space 1024K, 0% used [0x00000000d5800000,0x00000000d5800000,0x00000000d5900000)
 ParOldGen       total 629248K, used 282561K [0x0000000080000000, 0x00000000a6680000, 0x00000000d5580000)
  object space 629248K, 44% used [0x0000000080000000,0x00000000913f05f8,0x00000000a6680000)
 Metaspace       used 83173K, committed 85056K, reserved 1179648K
  class space    used 8789K, committed 9600K, reserved 1048576K
GC Heap History (20 events):
Event: 537.126 GC heap before
{Heap before GC invocations=789 (full 4):
 PSYoungGen      total 3072K, used 2688K [0x00000000d5580000, 0x00000000d5a00000, 0x0000000100000000)
  eden space 2560K, 100% used [0x00000000d5580000,0x00000000d5800000,0x00000000d5800000)
  from space 512K, 25% used [0x00000000d5980000,0x00000000d59a0000,0x00000000d5a00000)
  to   space 512K, 0% used [0x00000000d5900000,0x00000000d5900000,0x00000000d5980000)
 ParOldGen       total 629248K, used 270021K [0x0000000080000000, 0x00000000a6680000, 0x00000000d5580000)
  object space 629248K, 42% used [0x0000000080000000,0x00000000907b16b8,0x00000000a6680000)
 Metaspace       used 83164K, committed 85056K, reserved 1179648K
  class space    used 8789K, committed 9600K, reserved 1048576K
}
Event: 537.132 GC heap after
{Heap after GC invocations=789 (full 4):
 PSYoungGen      total 3072K, used 500K [0x00000000d5580000, 0x00000000d5e00000, 0x0000000100000000)
  eden space 2560K, 0% used [0x00000000d5580000,0x00000000d5580000,0x00000000d5800000)
  from space 512K, 97% used [0x00000000d5900000,0x00000000d597d1f8,0x00000000d5980000)
  to   space 3072K, 0% used [0x00000000d5b00000,0x00000000d5b00000,0x00000000d5e00000)
 ParOldGen       total 629248K, used 272106K [0x0000000080000000, 0x00000000a6680000, 0x00000000d5580000)
  object space 629248K, 43% used [0x0000000080000000,0x00000000909ba8c0,0x00000000a6680000)
 Metaspace       used 83164K, committed 85056K, reserved 1179648K
  class space    used 8789K, committed 9600K, reserved 1048576K
}
Event: 537.142 GC heap before
{Heap before GC invocations=790 (full 4):
 PSYoungGen      total 3072K, used 3060K [0x00000000d5580000, 0x00000000d5e00000, 0x0000000100000000)
  eden space 2560K, 100% used [0x00000000d5580000,0x00000000d5800000,0x00000000d5800000)
  from space 512K, 97% used [0x00000000d5900000,0x00000000d597d1f8,0x00000000d5980000)
  to   space 3072K, 0% used [0x00000000d5b00000,0x00000000d5b00000,0x00000000d5e00000)
 ParOldGen       total 629248K, used 272106K [0x0000000080000000, 0x00000000a6680000, 0x00000000d5580000)
  object space 629248K, 43% used [0x0000000080000000,0x00000000909ba8c0,0x00000000a6680000)
 Metaspace       used 83164K, committed 85056K, reserved 1179648K
  class space    used 8789K, committed 9600K, reserved 1048576K
}
Event: 537.147 GC heap after
{Heap after GC invocations=790 (full 4):
 PSYoungGen      total 5632K, used 2592K [0x00000000d5580000, 0x00000000d5e00000, 0x0000000100000000)
  eden space 2560K, 0% used [0x00000000d5580000,0x00000000d5580000,0x00000000d5800000)
  from space 3072K, 84% used [0x00000000d5b00000,0x00000000d5d88000,0x00000000d5e00000)
  to   space 3072K, 0% used [0x00000000d5800000,0x00000000d5800000,0x00000000d5b00000)
 ParOldGen       total 629248K, used 272630K [0x0000000080000000, 0x00000000a6680000, 0x00000000d5580000)
  object space 629248K, 43% used [0x0000000080000000,0x0000000090a3dab8,0x00000000a6680000)
 Metaspace       used 83164K, committed 85056K, reserved 1179648K
  class space    used 8789K, committed 9600K, reserved 1048576K
}
Event: 537.327 GC heap before
{Heap before GC invocations=791 (full 4):
 PSYoungGen      total 5632K, used 4802K [0x00000000d5580000, 0x00000000d5e00000, 0x0000000100000000)
  eden space 2560K, 86% used [0x00000000d5580000,0x00000000d57a8990,0x00000000d5800000)
  from space 3072K, 84% used [0x00000000d5b00000,0x00000000d5d88000,0x00000000d5e00000)
  to   space 3072K, 0% used [0x00000000d5800000,0x00000000d5800000,0x00000000d5b00000)
 ParOldGen       total 629248K, used 272630K [0x0000000080000000, 0x00000000a6680000, 0x00000000d5580000)
  object space 629248K, 43% used [0x0000000080000000,0x0000000090a3dab8,0x00000000a6680000)
 Metaspace       used 83164K, committed 85056K, reserved 1179648K
  class space    used 8789K, committed 9600K, reserved 1048576K
}
Event: 537.336 GC heap after
{Heap after GC invocations=791 (full 4):
 PSYoungGen      total 4608K, used 1822K [0x00000000d5580000, 0x00000000d5d00000, 0x0000000100000000)
  eden space 2560K, 0% used [0x00000000d5580000,0x00000000d5580000,0x00000000d5800000)
  from space 2048K, 88% used [0x00000000d5800000,0x00000000d59c7800,0x00000000d5a00000)
  to   space 2560K, 0% used [0x00000000d5a80000,0x00000000d5a80000,0x00000000d5d00000)
 ParOldGen       total 629248K, used 275174K [0x0000000080000000, 0x00000000a6680000, 0x00000000d5580000)
  object space 629248K, 43% used [0x0000000080000000,0x0000000090cb9ab8,0x00000000a6680000)
 Metaspace       used 83164K, committed 85056K, reserved 1179648K
  class space    used 8789K, committed 9600K, reserved 1048576K
}
Event: 537.396 GC heap before
{Heap before GC invocations=792 (full 4):
 PSYoungGen      total 4608K, used 4382K [0x00000000d5580000, 0x00000000d5d00000, 0x0000000100000000)
  eden space 2560K, 100% used [0x00000000d5580000,0x00000000d5800000,0x00000000d5800000)
  from space 2048K, 88% used [0x00000000d5800000,0x00000000d59c7800,0x00000000d5a00000)
  to   space 2560K, 0% used [0x00000000d5a80000,0x00000000d5a80000,0x00000000d5d00000)
 ParOldGen       total 629248K, used 275174K [0x0000000080000000, 0x00000000a6680000, 0x00000000d5580000)
  object space 629248K, 43% used [0x0000000080000000,0x0000000090cb9ab8,0x00000000a6680000)
 Metaspace       used 83164K, committed 85056K, reserved 1179648K
  class space    used 8789K, committed 9600K, reserved 1048576K
}
Event: 537.403 GC heap after
{Heap after GC invocations=792 (full 4):
 PSYoungGen      total 3072K, used 2538K [0x00000000d5580000, 0x00000000d6100000, 0x0000000100000000)
  eden space 512K, 0% used [0x00000000d5580000,0x00000000d5580000,0x00000000d5600000)
  from space 2560K, 99% used [0x00000000d5a80000,0x00000000d5cfab20,0x00000000d5d00000)
  to   space 4608K, 0% used [0x00000000d5600000,0x00000000d5600000,0x00000000d5a80000)
 ParOldGen       total 629248K, used 276654K [0x0000000080000000, 0x00000000a6680000, 0x00000000d5580000)
  object space 629248K, 43% used [0x0000000080000000,0x0000000090e2bab8,0x00000000a6680000)
 Metaspace       used 83164K, committed 85056K, reserved 1179648K
  class space    used 8789K, committed 9600K, reserved 1048576K
}
Event: 537.405 GC heap before
{Heap before GC invocations=793 (full 4):
 PSYoungGen      total 3072K, used 3050K [0x00000000d5580000, 0x00000000d6100000, 0x0000000100000000)
  eden space 512K, 100% used [0x00000000d5580000,0x00000000d5600000,0x00000000d5600000)
  from space 2560K, 99% used [0x00000000d5a80000,0x00000000d5cfab20,0x00000000d5d00000)
  to   space 4608K, 0% used [0x00000000d5600000,0x00000000d5600000,0x00000000d5a80000)
 ParOldGen       total 629248K, used 276654K [0x0000000080000000, 0x00000000a6680000, 0x00000000d5580000)
  object space 629248K, 43% used [0x0000000080000000,0x0000000090e2bab8,0x00000000a6680000)
 Metaspace       used 83164K, committed 85056K, reserved 1179648K
  class space    used 8789K, committed 9600K, reserved 1048576K
}
Event: 537.412 GC heap after
{Heap after GC invocations=793 (full 4):
 PSYoungGen      total 1024K, used 512K [0x00000000d5580000, 0x00000000d5b00000, 0x0000000100000000)
  eden space 512K, 0% used [0x00000000d5580000,0x00000000d5580000,0x00000000d5600000)
  from space 512K, 100% used [0x00000000d5600000,0x00000000d5680000,0x00000000d5680000)
  to   space 2048K, 0% used [0x00000000d5900000,0x00000000d5900000,0x00000000d5b00000)
 ParOldGen       total 629248K, used 279209K [0x0000000080000000, 0x00000000a6680000, 0x00000000d5580000)
  object space 629248K, 44% used [0x0000000080000000,0x00000000910aa5d8,0x00000000a6680000)
 Metaspace       used 83164K, committed 85056K, reserved 1179648K
  class space    used 8789K, committed 9600K, reserved 1048576K
}
Event: 537.414 GC heap before
{Heap before GC invocations=794 (full 4):
 PSYoungGen      total 1024K, used 1023K [0x00000000d5580000, 0x00000000d5b00000, 0x0000000100000000)
  eden space 512K, 99% used [0x00000000d5580000,0x00000000d55fff98,0x00000000d5600000)
  from space 512K, 100% used [0x00000000d5600000,0x00000000d5680000,0x00000000d5680000)
  to   space 2048K, 0% used [0x00000000d5900000,0x00000000d5900000,0x00000000d5b00000)
 ParOldGen       total 629248K, used 279209K [0x0000000080000000, 0x00000000a6680000, 0x00000000d5580000)
  object space 629248K, 44% used [0x0000000080000000,0x00000000910aa5d8,0x00000000a6680000)
 Metaspace       used 83164K, committed 85056K, reserved 1179648K
  class space    used 8789K, committed 9600K, reserved 1048576K
}
Event: 537.417 GC heap after
{Heap after GC invocations=794 (full 4):
 PSYoungGen      total 2048K, used 544K [0x00000000d5580000, 0x00000000d5a00000, 0x0000000100000000)
  eden space 1024K, 0% used [0x00000000d5580000,0x00000000d5580000,0x00000000d5680000)
  from space 1024K, 53% used [0x00000000d5900000,0x00000000d5988000,0x00000000d5a00000)
  to   space 1024K, 0% used [0x00000000d5800000,0x00000000d5800000,0x00000000d5900000)
 ParOldGen       total 629248K, used 279713K [0x0000000080000000, 0x00000000a6680000, 0x00000000d5580000)
  object space 629248K, 44% used [0x0000000080000000,0x00000000911285d8,0x00000000a6680000)
 Metaspace       used 83164K, committed 85056K, reserved 1179648K
  class space    used 8789K, committed 9600K, reserved 1048576K
}
Event: 537.422 GC heap before
{Heap before GC invocations=795 (full 4):
 PSYoungGen      total 2048K, used 1568K [0x00000000d5580000, 0x00000000d5a00000, 0x0000000100000000)
  eden space 1024K, 100% used [0x00000000d5580000,0x00000000d5680000,0x00000000d5680000)
  from space 1024K, 53% used [0x00000000d5900000,0x00000000d5988000,0x00000000d5a00000)
  to   space 1024K, 0% used [0x00000000d5800000,0x00000000d5800000,0x00000000d5900000)
 ParOldGen       total 629248K, used 279713K [0x0000000080000000, 0x00000000a6680000, 0x00000000d5580000)
  object space 629248K, 44% used [0x0000000080000000,0x00000000911285d8,0x00000000a6680000)
 Metaspace       used 83164K, committed 85056K, reserved 1179648K
  class space    used 8789K, committed 9600K, reserved 1048576K
}
Event: 537.426 GC heap after
{Heap after GC invocations=795 (full 4):
 PSYoungGen      total 2560K, used 1024K [0x00000000d5580000, 0x00000000d5b00000, 0x0000000100000000)
  eden space 1536K, 0% used [0x00000000d5580000,0x00000000d5580000,0x00000000d5700000)
  from space 1024K, 100% used [0x00000000d5800000,0x00000000d5900000,0x00000000d5900000)
  to   space 2048K, 0% used [0x00000000d5900000,0x00000000d5900000,0x00000000d5b00000)
 ParOldGen       total 629248K, used 280225K [0x0000000080000000, 0x00000000a6680000, 0x00000000d5580000)
  object space 629248K, 44% used [0x0000000080000000,0x00000000911a85d8,0x00000000a6680000)
 Metaspace       used 83164K, committed 85056K, reserved 1179648K
  class space    used 8789K, committed 9600K, reserved 1048576K
}
Event: 537.435 GC heap before
{Heap before GC invocations=796 (full 4):
 PSYoungGen      total 2560K, used 2412K [0x00000000d5580000, 0x00000000d5b00000, 0x0000000100000000)
  eden space 1536K, 90% used [0x00000000d5580000,0x00000000d56db170,0x00000000d5700000)
  from space 1024K, 100% used [0x00000000d5800000,0x00000000d5900000,0x00000000d5900000)
  to   space 2048K, 0% used [0x00000000d5900000,0x00000000d5900000,0x00000000d5b00000)
 ParOldGen       total 629248K, used 280225K [0x0000000080000000, 0x00000000a6680000, 0x00000000d5580000)
  object space 629248K, 44% used [0x0000000080000000,0x00000000911a85d8,0x00000000a6680000)
 Metaspace       used 83164K, committed 85056K, reserved 1179648K
  class space    used 8789K, committed 9600K, reserved 1048576K
}
Event: 537.440 GC heap after
{Heap after GC invocations=796 (full 4):
 PSYoungGen      total 3584K, used 1136K [0x00000000d5580000, 0x00000000d5a80000, 0x0000000100000000)
  eden space 2048K, 0% used [0x00000000d5580000,0x00000000d5580000,0x00000000d5780000)
  from space 1536K, 73% used [0x00000000d5900000,0x00000000d5a1c000,0x00000000d5a80000)
  to   space 1536K, 0% used [0x00000000d5780000,0x00000000d5780000,0x00000000d5900000)
 ParOldGen       total 629248K, used 281233K [0x0000000080000000, 0x00000000a6680000, 0x00000000d5580000)
  object space 629248K, 44% used [0x0000000080000000,0x00000000912a45d8,0x00000000a6680000)
 Metaspace       used 83164K, committed 85056K, reserved 1179648K
  class space    used 8789K, committed 9600K, reserved 1048576K
}
Event: 537.822 GC heap before
{Heap before GC invocations=797 (full 4):
 PSYoungGen      total 3584K, used 3184K [0x00000000d5580000, 0x00000000d5a80000, 0x0000000100000000)
  eden space 2048K, 100% used [0x00000000d5580000,0x00000000d5780000,0x00000000d5780000)
  from space 1536K, 73% used [0x00000000d5900000,0x00000000d5a1c000,0x00000000d5a80000)
  to   space 1536K, 0% used [0x00000000d5780000,0x00000000d5780000,0x00000000d5900000)
 ParOldGen       total 629248K, used 281233K [0x0000000080000000, 0x00000000a6680000, 0x00000000d5580000)
  object space 629248K, 44% used [0x0000000080000000,0x00000000912a45d8,0x00000000a6680000)
 Metaspace       used 83168K, committed 85056K, reserved 1179648K
  class space    used 8789K, committed 9600K, reserved 1048576K
}
Event: 537.826 GC heap after
{Heap after GC invocations=797 (full 4):
 PSYoungGen      total 3584K, used 920K [0x00000000d5580000, 0x00000000d5a00000, 0x0000000100000000)
  eden space 2048K, 0% used [0x00000000d5580000,0x00000000d5580000,0x00000000d5780000)
  from space 1536K, 59% used [0x00000000d5780000,0x00000000d5866020,0x00000000d5900000)
  to   space 1024K, 0% used [0x00000000d5900000,0x00000000d5900000,0x00000000d5a00000)
 ParOldGen       total 629248K, used 282049K [0x0000000080000000, 0x00000000a6680000, 0x00000000d5580000)
  object space 629248K, 44% used [0x0000000080000000,0x00000000913705d8,0x00000000a6680000)
 Metaspace       used 83168K, committed 85056K, reserved 1179648K
  class space    used 8789K, committed 9600K, reserved 1048576K
}
Event: 537.839 GC heap before
{Heap before GC invocations=798 (full 4):
 PSYoungGen      total 3584K, used 2968K [0x00000000d5580000, 0x00000000d5a00000, 0x0000000100000000)
  eden space 2048K, 100% used [0x00000000d5580000,0x00000000d5780000,0x00000000d5780000)
  from space 1536K, 59% used [0x00000000d5780000,0x00000000d5866020,0x00000000d5900000)
  to   space 1024K, 0% used [0x00000000d5900000,0x00000000d5900000,0x00000000d5a00000)
 ParOldGen       total 629248K, used 282049K [0x0000000080000000, 0x00000000a6680000, 0x00000000d5580000)
  object space 629248K, 44% used [0x0000000080000000,0x00000000913705d8,0x00000000a6680000)
 Metaspace       used 83171K, committed 85056K, reserved 1179648K
  class space    used 8789K, committed 9600K, reserved 1048576K
}
Event: 537.842 GC heap after
{Heap after GC invocations=798 (full 4):
 PSYoungGen      total 3584K, used 576K [0x00000000d5580000, 0x00000000d5a00000, 0x0000000100000000)
  eden space 2560K, 0% used [0x00000000d5580000,0x00000000d5580000,0x00000000d5800000)
  from space 1024K, 56% used [0x00000000d5900000,0x00000000d5990000,0x00000000d5a00000)
  to   space 1024K, 0% used [0x00000000d5800000,0x00000000d5800000,0x00000000d5900000)
 ParOldGen       total 629248K, used 282561K [0x0000000080000000, 0x00000000a6680000, 0x00000000d5580000)
  object space 629248K, 44% used [0x0000000080000000,0x00000000913f05f8,0x00000000a6680000)
 Metaspace       used 83171K, committed 85056K, reserved 1179648K
  class space    used 8789K, committed 9600K, reserved 1048576K
}

